0 info it worked if it ends with ok
1 verbose cli [ '/Users/filtnessj/n/bin/node',
1 verbose cli   '/Users/filtnessj/n/bin/npm',
1 verbose cli   'start' ]
2 info using npm@3.10.10
3 info using node@v6.11.0
4 verbose run-script [ 'prestart', 'start', 'poststart' ]
5 info lifecycle react-router-4-redux@0.0.1~prestart: react-router-4-redux@0.0.1
6 verbose lifecycle react-router-4-redux@0.0.1~prestart: unsafe-perm in lifecycle true
7 verbose lifecycle react-router-4-redux@0.0.1~prestart: PATH: /Users/filtnessj/n/lib/node_modules/npm/bin/node-gyp-bin:/Users/filtnessj/dev/personal/universal-react-router-4-redux-boilerplate/node_modules/.bin:/usr/local/opt/gnu-tar/libexec/gnubin:/usr/local/opt/findutils/libexec/gnubin:/usr/local/opt/coreutils/libexec/gnubin:/usr/local/bin:/usr/local/sbin:/usr/bin:/bin:/usr/sbin:/sbin:/usr/local/bin:/usr/bin:/bin:/usr/sbin:/sbin:/Users/filtnessj/n/bin
8 verbose lifecycle react-router-4-redux@0.0.1~prestart: CWD: /Users/filtnessj/dev/personal/universal-react-router-4-redux-boilerplate
9 silly lifecycle react-router-4-redux@0.0.1~prestart: Args: [ '-c', 'BABEL_ENV=browser ./node_modules/.bin/webpack' ]
10 silly lifecycle react-router-4-redux@0.0.1~prestart: Returned: code: 0  signal: null
11 info lifecycle react-router-4-redux@0.0.1~start: react-router-4-redux@0.0.1
12 verbose lifecycle react-router-4-redux@0.0.1~start: unsafe-perm in lifecycle true
13 verbose lifecycle react-router-4-redux@0.0.1~start: PATH: /Users/filtnessj/n/lib/node_modules/npm/bin/node-gyp-bin:/Users/filtnessj/dev/personal/universal-react-router-4-redux-boilerplate/node_modules/.bin:/usr/local/opt/gnu-tar/libexec/gnubin:/usr/local/opt/findutils/libexec/gnubin:/usr/local/opt/coreutils/libexec/gnubin:/usr/local/bin:/usr/local/sbin:/usr/bin:/bin:/usr/sbin:/sbin:/usr/local/bin:/usr/bin:/bin:/usr/sbin:/sbin:/Users/filtnessj/n/bin
14 verbose lifecycle react-router-4-redux@0.0.1~start: CWD: /Users/filtnessj/dev/personal/universal-react-router-4-redux-boilerplate
15 silly lifecycle react-router-4-redux@0.0.1~start: Args: [ '-c', 'BABEL_ENV=node babel-watch ./src/server' ]
16 silly lifecycle react-router-4-redux@0.0.1~start: Returned: code: 1  signal: null
17 info lifecycle react-router-4-redux@0.0.1~start: Failed to exec start script
18 verbose stack Error: react-router-4-redux@0.0.1 start: `BABEL_ENV=node babel-watch ./src/server`
18 verbose stack Exit status 1
18 verbose stack     at EventEmitter.<anonymous> (/Users/filtnessj/n/lib/node_modules/npm/lib/utils/lifecycle.js:255:16)
18 verbose stack     at emitTwo (events.js:106:13)
18 verbose stack     at EventEmitter.emit (events.js:191:7)
18 verbose stack     at ChildProcess.<anonymous> (/Users/filtnessj/n/lib/node_modules/npm/lib/utils/spawn.js:40:14)
18 verbose stack     at emitTwo (events.js:106:13)
18 verbose stack     at ChildProcess.emit (events.js:191:7)
18 verbose stack     at maybeClose (internal/child_process.js:891:16)
18 verbose stack     at Process.ChildProcess._handle.onexit (internal/child_process.js:226:5)
19 verbose pkgid react-router-4-redux@0.0.1
20 verbose cwd /Users/filtnessj/dev/personal/universal-react-router-4-redux-boilerplate
21 error Darwin 16.7.0
22 error argv "/Users/filtnessj/n/bin/node" "/Users/filtnessj/n/bin/npm" "start"
23 error node v6.11.0
24 error npm  v3.10.10
25 error code ELIFECYCLE
26 error react-router-4-redux@0.0.1 start: `BABEL_ENV=node babel-watch ./src/server`
26 error Exit status 1
27 error Failed at the react-router-4-redux@0.0.1 start script 'BABEL_ENV=node babel-watch ./src/server'.
27 error Make sure you have the latest version of node.js and npm installed.
27 error If you do, this is most likely a problem with the react-router-4-redux package,
27 error not with npm itself.
27 error Tell the author that this fails on your system:
27 error     BABEL_ENV=node babel-watch ./src/server
27 error You can get information on how to open an issue for this project with:
27 error     npm bugs react-router-4-redux
27 error Or if that isn't available, you can get their info via:
27 error     npm owner ls react-router-4-redux
27 error There is likely additional logging output above.
28 verbose exit [ 1, true ]
